2025-06-25T22:39:47.792-03:00  INFO 5132 --- [libraryapi] [main] i.github.spring.libraryapi.Application   : Starting Application using Java 21.0.7 with PID 5132 (C:\Users\Higor\Documents\GitHub\Java_Spring\libraryapi\target\classes started by Higor in C:\Users\Higor\Documents\GitHub\Java_Spring\libraryapi)
2025-06-25T22:39:47.795-03:00  INFO 5132 --- [libraryapi] [main] i.github.spring.libraryapi.Application   : No active profile set, falling back to 1 default profile: "default"
2025-06-25T22:39:55.282-03:00  INFO 5132 --- [libraryapi] [main] .s.d.r.c.RepositoryConfigurationDelegate : Bootstrapping Spring Data JPA repositories in DEFAULT mode.
2025-06-25T22:39:55.544-03:00  INFO 5132 --- [libraryapi] [main] .s.d.r.c.RepositoryConfigurationDelegate : Finished Spring Data repository scanning in 241 ms. Found 4 JPA repository interfaces.
2025-06-25T22:39:58.638-03:00  INFO 5132 --- [libraryapi] [main] o.s.b.w.embedded.tomcat.TomcatWebServer  : Tomcat initialized with port 8080 (http)
2025-06-25T22:39:58.732-03:00  INFO 5132 --- [libraryapi] [main] o.apache.catalina.core.StandardService   : Starting service [Tomcat]
2025-06-25T22:39:58.733-03:00  INFO 5132 --- [libraryapi] [main] o.apache.catalina.core.StandardEngine    : Starting Servlet engine: [Apache Tomcat/10.1.30]
2025-06-25T22:39:58.951-03:00  INFO 5132 --- [libraryapi] [main] o.a.c.c.C.[Tomcat].[localhost].[/]       : Initializing Spring embedded WebApplicationContext
2025-06-25T22:39:58.952-03:00  INFO 5132 --- [libraryapi] [main] w.s.c.ServletWebServerApplicationContext : Root WebApplicationContext: initialization completed in 10672 ms
2025-06-25T22:39:59.283-03:00  WARN 5132 --- [libraryapi] [main] com.zaxxer.hikari.HikariConfig           : library-db-pool - idleTimeout is close to or more than maxLifetime, disabling it.
2025-06-25T22:39:59.301-03:00  INFO 5132 --- [libraryapi] [main] com.zaxxer.hikari.HikariDataSource       : library-db-pool - Starting...
2025-06-25T22:40:00.676-03:00  INFO 5132 --- [libraryapi] [main] com.zaxxer.hikari.pool.HikariPool        : library-db-pool - Added connection org.postgresql.jdbc.PgConnection@2bcda694
2025-06-25T22:40:00.679-03:00  INFO 5132 --- [libraryapi] [main] com.zaxxer.hikari.HikariDataSource       : library-db-pool - Start completed.
2025-06-25T22:40:01.126-03:00  INFO 5132 --- [libraryapi] [main] o.hibernate.jpa.internal.util.LogHelper  : HHH000204: Processing PersistenceUnitInfo [name: default]
2025-06-25T22:40:01.485-03:00  INFO 5132 --- [libraryapi] [main] org.hibernate.Version                    : HHH000412: Hibernate ORM core version 6.5.3.Final
2025-06-25T22:40:01.640-03:00  INFO 5132 --- [libraryapi] [main] o.h.c.internal.RegionFactoryInitiator    : HHH000026: Second-level cache disabled
2025-06-25T22:40:03.874-03:00  INFO 5132 --- [libraryapi] [main] o.s.o.j.p.SpringPersistenceUnitInfo      : No LoadTimeWeaver setup: ignoring JPA class transformer
2025-06-25T22:40:07.105-03:00  INFO 5132 --- [libraryapi] [main] o.h.e.t.j.p.i.JtaPlatformInitiator       : HHH000489: No JTA platform available (set 'hibernate.transaction.jta.platform' to enable JTA platform integration)
2025-06-25T22:40:08.247-03:00  INFO 5132 --- [libraryapi] [main] j.LocalContainerEntityManagerFactoryBean : Initialized JPA EntityManagerFactory for persistence unit 'default'
2025-06-25T22:40:09.535-03:00  INFO 5132 --- [libraryapi] [main] o.s.d.j.r.query.QueryEnhancerFactory     : Hibernate is in classpath; If applicable, HQL parser will be used.
2025-06-25T22:40:11.545-03:00  WARN 5132 --- [libraryapi] [main] JpaBaseConfiguration$JpaWebConfiguration : spring.jpa.open-in-view is enabled by default. Therefore, database queries may be performed during view rendering. Explicitly configure spring.jpa.open-in-view to disable this warning
2025-06-25T22:40:11.574-03:00  INFO 5132 --- [libraryapi] [main] eAuthenticationProviderManagerConfigurer : Global AuthenticationManager configured with AuthenticationProvider bean with name customAuthenticationProvider
2025-06-25T22:40:13.526-03:00  WARN 5132 --- [libraryapi] [main] o.s.s.c.a.web.builders.WebSecurity       : You are asking Spring Security to ignore Deferred [Mvc [pattern='/v2/api-docs/**'], Ant [pattern='/v2/api-docs/**']]. This is not recommended -- please use permitAll via HttpSecurity#authorizeHttpRequests instead.
2025-06-25T22:40:13.527-03:00  WARN 5132 --- [libraryapi] [main] o.s.s.c.a.web.builders.WebSecurity       : You are asking Spring Security to ignore Deferred [Mvc [pattern='/v3/api-docs/**'], Ant [pattern='/v3/api-docs/**']]. This is not recommended -- please use permitAll via HttpSecurity#authorizeHttpRequests instead.
2025-06-25T22:40:13.527-03:00  WARN 5132 --- [libraryapi] [main] o.s.s.c.a.web.builders.WebSecurity       : You are asking Spring Security to ignore Deferred [Mvc [pattern='/swagger-resources/**'], Ant [pattern='/swagger-resources/**']]. This is not recommended -- please use permitAll via HttpSecurity#authorizeHttpRequests instead.
2025-06-25T22:40:13.527-03:00  WARN 5132 --- [libraryapi] [main] o.s.s.c.a.web.builders.WebSecurity       : You are asking Spring Security to ignore Deferred [Mvc [pattern='/swagger-ui.html'], Ant [pattern='/swagger-ui.html']]. This is not recommended -- please use permitAll via HttpSecurity#authorizeHttpRequests instead.
2025-06-25T22:40:13.527-03:00  WARN 5132 --- [libraryapi] [main] o.s.s.c.a.web.builders.WebSecurity       : You are asking Spring Security to ignore Deferred [Mvc [pattern='/swagger-ui/**'], Ant [pattern='/swagger-ui/**']]. This is not recommended -- please use permitAll via HttpSecurity#authorizeHttpRequests instead.
2025-06-25T22:40:13.527-03:00  WARN 5132 --- [libraryapi] [main] o.s.s.c.a.web.builders.WebSecurity       : You are asking Spring Security to ignore Deferred [Mvc [pattern='/webjars/**'], Ant [pattern='/webjars/**']]. This is not recommended -- please use permitAll via HttpSecurity#authorizeHttpRequests instead.
2025-06-25T22:40:14.756-03:00  INFO 5132 --- [libraryapi] [main] o.s.b.w.embedded.tomcat.TomcatWebServer  : Tomcat started on port 8080 (http) with context path '/'
2025-06-25T22:40:14.770-03:00  INFO 5132 --- [libraryapi] [main] i.github.spring.libraryapi.Application   : Started Application in 29.379 seconds (process running for 38.773)
2025-06-25T22:48:17.316-03:00  INFO 5132 --- [libraryapi] [SpringApplicationShutdownHook] j.LocalContainerEntityManagerFactoryBean : Closing JPA EntityManagerFactory for persistence unit 'default'
2025-06-25T22:48:17.318-03:00  INFO 5132 --- [libraryapi] [SpringApplicationShutdownHook] com.zaxxer.hikari.HikariDataSource       : library-db-pool - Shutdown initiated...
2025-06-25T22:48:17.323-03:00  INFO 5132 --- [libraryapi] [SpringApplicationShutdownHook] com.zaxxer.hikari.HikariDataSource       : library-db-pool - Shutdown completed.
2025-06-25T22:48:24.419-03:00  INFO 13320 --- [libraryapi] [main] i.github.spring.libraryapi.Application   : Starting Application using Java 21.0.7 with PID 13320 (C:\Users\Higor\Documents\GitHub\Java_Spring\libraryapi\target\classes started by Higor in C:\Users\Higor\Documents\GitHub\Java_Spring\libraryapi)
2025-06-25T22:48:24.422-03:00  INFO 13320 --- [libraryapi] [main] i.github.spring.libraryapi.Application   : No active profile set, falling back to 1 default profile: "default"
2025-06-25T22:48:26.501-03:00  INFO 13320 --- [libraryapi] [main] .s.d.r.c.RepositoryConfigurationDelegate : Bootstrapping Spring Data JPA repositories in DEFAULT mode.
2025-06-25T22:48:26.720-03:00  INFO 13320 --- [libraryapi] [main] .s.d.r.c.RepositoryConfigurationDelegate : Finished Spring Data repository scanning in 201 ms. Found 4 JPA repository interfaces.
2025-06-25T22:48:29.095-03:00  INFO 13320 --- [libraryapi] [main] o.s.b.w.embedded.tomcat.TomcatWebServer  : Tomcat initialized with port 8080 (http)
2025-06-25T22:48:29.160-03:00  INFO 13320 --- [libraryapi] [main] o.apache.catalina.core.StandardService   : Starting service [Tomcat]
2025-06-25T22:48:29.161-03:00  INFO 13320 --- [libraryapi] [main] o.apache.catalina.core.StandardEngine    : Starting Servlet engine: [Apache Tomcat/10.1.30]
2025-06-25T22:48:29.312-03:00  INFO 13320 --- [libraryapi] [main] o.a.c.c.C.[Tomcat].[localhost].[/]       : Initializing Spring embedded WebApplicationContext
2025-06-25T22:48:29.313-03:00  INFO 13320 --- [libraryapi] [main] w.s.c.ServletWebServerApplicationContext : Root WebApplicationContext: initialization completed in 4807 ms
2025-06-25T22:48:29.396-03:00  WARN 13320 --- [libraryapi] [main] com.zaxxer.hikari.HikariConfig           : library-db-pool - idleTimeout is close to or more than maxLifetime, disabling it.
2025-06-25T22:48:29.407-03:00  INFO 13320 --- [libraryapi] [main] com.zaxxer.hikari.HikariDataSource       : library-db-pool - Starting...
2025-06-25T22:48:30.809-03:00  INFO 13320 --- [libraryapi] [main] com.zaxxer.hikari.pool.HikariPool        : library-db-pool - Added connection org.postgresql.jdbc.PgConnection@7336fd8f
2025-06-25T22:48:30.811-03:00  INFO 13320 --- [libraryapi] [main] com.zaxxer.hikari.HikariDataSource       : library-db-pool - Start completed.
2025-06-25T22:48:31.429-03:00  INFO 13320 --- [libraryapi] [main] o.hibernate.jpa.internal.util.LogHelper  : HHH000204: Processing PersistenceUnitInfo [name: default]
2025-06-25T22:48:31.713-03:00  INFO 13320 --- [libraryapi] [main] org.hibernate.Version                    : HHH000412: Hibernate ORM core version 6.5.3.Final
2025-06-25T22:48:31.952-03:00  INFO 13320 --- [libraryapi] [main] o.h.c.internal.RegionFactoryInitiator    : HHH000026: Second-level cache disabled
2025-06-25T22:48:33.223-03:00  INFO 13320 --- [libraryapi] [main] o.s.o.j.p.SpringPersistenceUnitInfo      : No LoadTimeWeaver setup: ignoring JPA class transformer
2025-06-25T22:48:34.562-03:00  INFO 13320 --- [libraryapi] [main] o.h.e.t.j.p.i.JtaPlatformInitiator       : HHH000489: No JTA platform available (set 'hibernate.transaction.jta.platform' to enable JTA platform integration)
2025-06-25T22:48:34.710-03:00  INFO 13320 --- [libraryapi] [main] j.LocalContainerEntityManagerFactoryBean : Initialized JPA EntityManagerFactory for persistence unit 'default'
2025-06-25T22:48:35.279-03:00  INFO 13320 --- [libraryapi] [main] o.s.d.j.r.query.QueryEnhancerFactory     : Hibernate is in classpath; If applicable, HQL parser will be used.
2025-06-25T22:48:36.335-03:00  WARN 13320 --- [libraryapi] [main] JpaBaseConfiguration$JpaWebConfiguration : spring.jpa.open-in-view is enabled by default. Therefore, database queries may be performed during view rendering. Explicitly configure spring.jpa.open-in-view to disable this warning
2025-06-25T22:48:36.354-03:00  INFO 13320 --- [libraryapi] [main] eAuthenticationProviderManagerConfigurer : Global AuthenticationManager configured with AuthenticationProvider bean with name customAuthenticationProvider
2025-06-25T22:48:38.669-03:00  INFO 13320 --- [libraryapi] [main] o.s.b.w.embedded.tomcat.TomcatWebServer  : Tomcat started on port 8080 (http) with context path '/'
2025-06-25T22:48:38.691-03:00  INFO 13320 --- [libraryapi] [main] i.github.spring.libraryapi.Application   : Started Application in 14.945 seconds (process running for 15.585)
2025-06-25T22:51:41.364-03:00  INFO 13320 --- [libraryapi] [SpringApplicationShutdownHook] j.LocalContainerEntityManagerFactoryBean : Closing JPA EntityManagerFactory for persistence unit 'default'
2025-06-25T22:51:41.366-03:00  INFO 13320 --- [libraryapi] [SpringApplicationShutdownHook] com.zaxxer.hikari.HikariDataSource       : library-db-pool - Shutdown initiated...
2025-06-25T22:51:41.369-03:00  INFO 13320 --- [libraryapi] [SpringApplicationShutdownHook] com.zaxxer.hikari.HikariDataSource       : library-db-pool - Shutdown completed.
2025-06-25T22:51:44.107-03:00  INFO 13552 --- [libraryapi] [main] i.github.spring.libraryapi.Application   : Starting Application using Java 21.0.7 with PID 13552 (C:\Users\Higor\Documents\GitHub\Java_Spring\libraryapi\target\classes started by Higor in C:\Users\Higor\Documents\GitHub\Java_Spring\libraryapi)
2025-06-25T22:51:44.110-03:00  INFO 13552 --- [libraryapi] [main] i.github.spring.libraryapi.Application   : No active profile set, falling back to 1 default profile: "default"
2025-06-25T22:51:45.686-03:00  INFO 13552 --- [libraryapi] [main] .s.d.r.c.RepositoryConfigurationDelegate : Bootstrapping Spring Data JPA repositories in DEFAULT mode.
2025-06-25T22:51:45.805-03:00  INFO 13552 --- [libraryapi] [main] .s.d.r.c.RepositoryConfigurationDelegate : Finished Spring Data repository scanning in 107 ms. Found 4 JPA repository interfaces.
2025-06-25T22:51:46.937-03:00  INFO 13552 --- [libraryapi] [main] o.s.b.w.embedded.tomcat.TomcatWebServer  : Tomcat initialized with port 8080 (http)
2025-06-25T22:51:46.957-03:00  INFO 13552 --- [libraryapi] [main] o.apache.catalina.core.StandardService   : Starting service [Tomcat]
2025-06-25T22:51:46.958-03:00  INFO 13552 --- [libraryapi] [main] o.apache.catalina.core.StandardEngine    : Starting Servlet engine: [Apache Tomcat/10.1.30]
2025-06-25T22:51:47.080-03:00  INFO 13552 --- [libraryapi] [main] o.a.c.c.C.[Tomcat].[localhost].[/]       : Initializing Spring embedded WebApplicationContext
2025-06-25T22:51:47.081-03:00  INFO 13552 --- [libraryapi] [main] w.s.c.ServletWebServerApplicationContext : Root WebApplicationContext: initialization completed in 2902 ms
2025-06-25T22:51:47.178-03:00  WARN 13552 --- [libraryapi] [main] com.zaxxer.hikari.HikariConfig           : library-db-pool - idleTimeout is close to or more than maxLifetime, disabling it.
2025-06-25T22:51:47.188-03:00  INFO 13552 --- [libraryapi] [main] com.zaxxer.hikari.HikariDataSource       : library-db-pool - Starting...
2025-06-25T22:51:47.438-03:00  INFO 13552 --- [libraryapi] [main] com.zaxxer.hikari.pool.HikariPool        : library-db-pool - Added connection org.postgresql.jdbc.PgConnection@5203c80f
2025-06-25T22:51:47.442-03:00  INFO 13552 --- [libraryapi] [main] com.zaxxer.hikari.HikariDataSource       : library-db-pool - Start completed.
2025-06-25T22:51:47.560-03:00  INFO 13552 --- [libraryapi] [main] o.hibernate.jpa.internal.util.LogHelper  : HHH000204: Processing PersistenceUnitInfo [name: default]
2025-06-25T22:51:47.662-03:00  INFO 13552 --- [libraryapi] [main] org.hibernate.Version                    : HHH000412: Hibernate ORM core version 6.5.3.Final
2025-06-25T22:51:47.717-03:00  INFO 13552 --- [libraryapi] [main] o.h.c.internal.RegionFactoryInitiator    : HHH000026: Second-level cache disabled
2025-06-25T22:51:48.303-03:00  INFO 13552 --- [libraryapi] [main] o.s.o.j.p.SpringPersistenceUnitInfo      : No LoadTimeWeaver setup: ignoring JPA class transformer
2025-06-25T22:51:49.643-03:00  INFO 13552 --- [libraryapi] [main] o.h.e.t.j.p.i.JtaPlatformInitiator       : HHH000489: No JTA platform available (set 'hibernate.transaction.jta.platform' to enable JTA platform integration)
2025-06-25T22:51:49.800-03:00  INFO 13552 --- [libraryapi] [main] j.LocalContainerEntityManagerFactoryBean : Initialized JPA EntityManagerFactory for persistence unit 'default'
2025-06-25T22:51:50.300-03:00  INFO 13552 --- [libraryapi] [main] o.s.d.j.r.query.QueryEnhancerFactory     : Hibernate is in classpath; If applicable, HQL parser will be used.
2025-06-25T22:51:51.248-03:00  WARN 13552 --- [libraryapi] [main] JpaBaseConfiguration$JpaWebConfiguration : spring.jpa.open-in-view is enabled by default. Therefore, database queries may be performed during view rendering. Explicitly configure spring.jpa.open-in-view to disable this warning
2025-06-25T22:51:51.268-03:00  INFO 13552 --- [libraryapi] [main] eAuthenticationProviderManagerConfigurer : Global AuthenticationManager configured with AuthenticationProvider bean with name customAuthenticationProvider
2025-06-25T22:51:52.778-03:00  INFO 13552 --- [libraryapi] [main] o.s.b.w.embedded.tomcat.TomcatWebServer  : Tomcat started on port 8080 (http) with context path '/'
2025-06-25T22:51:52.794-03:00  INFO 13552 --- [libraryapi] [main] i.github.spring.libraryapi.Application   : Started Application in 9.429 seconds (process running for 9.961)
2025-06-25T22:53:51.577-03:00  INFO 13552 --- [libraryapi] [http-nio-8080-exec-1] o.a.c.c.C.[Tomcat].[localhost].[/]       : Initializing Spring DispatcherServlet 'dispatcherServlet'
2025-06-25T22:53:51.578-03:00  INFO 13552 --- [libraryapi] [http-nio-8080-exec-1] o.s.web.servlet.DispatcherServlet        : Initializing Servlet 'dispatcherServlet'
2025-06-25T22:53:51.579-03:00  INFO 13552 --- [libraryapi] [http-nio-8080-exec-1] o.s.web.servlet.DispatcherServlet        : Completed initialization in 1 ms
2025-06-25T22:53:53.155-03:00  INFO 13552 --- [libraryapi] [http-nio-8080-exec-8] o.springdoc.api.AbstractOpenApiResource  : Init duration for springdoc-openapi is: 730 ms
